c:\users\vejvo\documents\fit-cvut\pa2\abttc\x64\release\abttc.ipdb
c:\users\vejvo\documents\fit-cvut\pa2\abttc\x64\release\abttc.iobj
c:\users\vejvo\documents\fit-cvut\pa2\abttc\x64\release\vc142.pdb
c:\users\vejvo\documents\fit-cvut\pa2\abttc\x64\release\cscoutaway.obj
c:\users\vejvo\documents\fit-cvut\pa2\abttc\x64\release\cscout.obj
c:\users\vejvo\documents\fit-cvut\pa2\abttc\x64\release\cresourcebuilding.obj
c:\users\vejvo\documents\fit-cvut\pa2\abttc\x64\release\cresource.obj
c:\users\vejvo\documents\fit-cvut\pa2\abttc\x64\release\cposition.obj
c:\users\vejvo\documents\fit-cvut\pa2\abttc\x64\release\cplayer.obj
c:\users\vejvo\documents\fit-cvut\pa2\abttc\x64\release\cmap.obj
c:\users\vejvo\documents\fit-cvut\pa2\abttc\x64\release\cmainmenu.obj
c:\users\vejvo\documents\fit-cvut\pa2\abttc\x64\release\cinterface.obj
c:\users\vejvo\documents\fit-cvut\pa2\abttc\x64\release\cgame.obj
c:\users\vejvo\documents\fit-cvut\pa2\abttc\x64\release\cenemycamp.obj
c:\users\vejvo\documents\fit-cvut\pa2\abttc\x64\release\ceconomybuilding.obj
c:\users\vejvo\documents\fit-cvut\pa2\abttc\x64\release\cdefensephase.obj
c:\users\vejvo\documents\fit-cvut\pa2\abttc\x64\release\cdefensebuilding.obj
c:\users\vejvo\documents\fit-cvut\pa2\abttc\x64\release\ccoopgame.obj
c:\users\vejvo\documents\fit-cvut\pa2\abttc\x64\release\cbuildphasemenu.obj
c:\users\vejvo\documents\fit-cvut\pa2\abttc\x64\release\cbuildmenu.obj
c:\users\vejvo\documents\fit-cvut\pa2\abttc\x64\release\cbuilding.obj
c:\users\vejvo\documents\fit-cvut\pa2\abttc\x64\release\capplication.obj
c:\users\vejvo\documents\fit-cvut\pa2\abttc\x64\release\cally.obj
c:\users\vejvo\documents\fit-cvut\pa2\abttc\x64\release\main.obj
c:\users\vejvo\documents\fit-cvut\pa2\abttc\x64\release\functions.obj
c:\users\vejvo\documents\fit-cvut\pa2\abttc\x64\release\cunit.obj
c:\users\vejvo\documents\fit-cvut\pa2\abttc\x64\release\ctokenreader.obj
c:\users\vejvo\documents\fit-cvut\pa2\abttc\x64\release\ctokenputter.obj
c:\users\vejvo\documents\fit-cvut\pa2\abttc\x64\release\ctile.obj
c:\users\vejvo\documents\fit-cvut\pa2\abttc\x64\release\cstorage.obj
c:\users\vejvo\documents\fit-cvut\pa2\abttc\x64\release\csmalltile.obj
c:\users\vejvo\documents\fit-cvut\pa2\abttc\x64\release\csinglegame.obj
c:\users\vejvo\documents\fit-cvut\pa2\abttc\x64\release\abttc.exe
c:\users\vejvo\documents\fit-cvut\pa2\abttc\x64\release\abttc.pdb
c:\users\vejvo\documents\fit-cvut\pa2\abttc\x64\release\abttc.tlog\abttc.write.1u.tlog
c:\users\vejvo\documents\fit-cvut\pa2\abttc\x64\release\abttc.tlog\cl.command.1.tlog
c:\users\vejvo\documents\fit-cvut\pa2\abttc\x64\release\abttc.tlog\cl.read.1.tlog
c:\users\vejvo\documents\fit-cvut\pa2\abttc\x64\release\abttc.tlog\cl.write.1.tlog
c:\users\vejvo\documents\fit-cvut\pa2\abttc\x64\release\abttc.tlog\link.command.1.tlog
c:\users\vejvo\documents\fit-cvut\pa2\abttc\x64\release\abttc.tlog\link.read.1.tlog
c:\users\vejvo\documents\fit-cvut\pa2\abttc\x64\release\abttc.tlog\link.write.1.tlog
