c:\users\vejvo\documents\fit-cvut\pa2\abttc\x64\debug\vc142.pdb
c:\users\vejvo\documents\fit-cvut\pa2\abttc\x64\debug\vc142.idb
c:\users\vejvo\documents\fit-cvut\pa2\abttc\x64\debug\cscoutaway.obj
c:\users\vejvo\documents\fit-cvut\pa2\abttc\x64\debug\cscout.obj
c:\users\vejvo\documents\fit-cvut\pa2\abttc\x64\debug\cresourcebuilding.obj
c:\users\vejvo\documents\fit-cvut\pa2\abttc\x64\debug\cresource.obj
c:\users\vejvo\documents\fit-cvut\pa2\abttc\x64\debug\cposition.obj
c:\users\vejvo\documents\fit-cvut\pa2\abttc\x64\debug\cplayer.obj
c:\users\vejvo\documents\fit-cvut\pa2\abttc\x64\debug\cmap.obj
c:\users\vejvo\documents\fit-cvut\pa2\abttc\x64\debug\cmainmenu.obj
c:\users\vejvo\documents\fit-cvut\pa2\abttc\x64\debug\cinterface.obj
c:\users\vejvo\documents\fit-cvut\pa2\abttc\x64\debug\cgame.obj
c:\users\vejvo\documents\fit-cvut\pa2\abttc\x64\debug\cenemycamp.obj
c:\users\vejvo\documents\fit-cvut\pa2\abttc\x64\debug\ceconomybuilding.obj
c:\users\vejvo\documents\fit-cvut\pa2\abttc\x64\debug\cdefensephase.obj
c:\users\vejvo\documents\fit-cvut\pa2\abttc\x64\debug\cdefensebuilding.obj
c:\users\vejvo\documents\fit-cvut\pa2\abttc\x64\debug\ccoopgame.obj
c:\users\vejvo\documents\fit-cvut\pa2\abttc\x64\debug\cbuildphasemenu.obj
c:\users\vejvo\documents\fit-cvut\pa2\abttc\x64\debug\cbuildmenu.obj
c:\users\vejvo\documents\fit-cvut\pa2\abttc\x64\debug\cbuilding.obj
c:\users\vejvo\documents\fit-cvut\pa2\abttc\x64\debug\capplication.obj
c:\users\vejvo\documents\fit-cvut\pa2\abttc\x64\debug\cally.obj
c:\users\vejvo\documents\fit-cvut\pa2\abttc\x64\debug\main.obj
c:\users\vejvo\documents\fit-cvut\pa2\abttc\x64\debug\functions.obj
c:\users\vejvo\documents\fit-cvut\pa2\abttc\x64\debug\cunit.obj
c:\users\vejvo\documents\fit-cvut\pa2\abttc\x64\debug\ctokenreader.obj
c:\users\vejvo\documents\fit-cvut\pa2\abttc\x64\debug\ctokenputter.obj
c:\users\vejvo\documents\fit-cvut\pa2\abttc\x64\debug\ctile.obj
c:\users\vejvo\documents\fit-cvut\pa2\abttc\x64\debug\cstorage.obj
c:\users\vejvo\documents\fit-cvut\pa2\abttc\x64\debug\csmalltile.obj
c:\users\vejvo\documents\fit-cvut\pa2\abttc\x64\debug\csinglegame.obj
c:\users\vejvo\documents\fit-cvut\pa2\abttc\x64\debug\abttc.ilk
c:\users\vejvo\documents\fit-cvut\pa2\abttc\x64\debug\abttc.exe
c:\users\vejvo\documents\fit-cvut\pa2\abttc\x64\debug\abttc.pdb
c:\users\vejvo\documents\fit-cvut\pa2\abttc\x64\debug\abttc.tlog\cl.command.1.tlog
c:\users\vejvo\documents\fit-cvut\pa2\abttc\x64\debug\abttc.tlog\cl.read.1.tlog
c:\users\vejvo\documents\fit-cvut\pa2\abttc\x64\debug\abttc.tlog\cl.write.1.tlog
c:\users\vejvo\documents\fit-cvut\pa2\abttc\x64\debug\abttc.tlog\link.command.1.tlog
c:\users\vejvo\documents\fit-cvut\pa2\abttc\x64\debug\abttc.tlog\link.read.1.tlog
c:\users\vejvo\documents\fit-cvut\pa2\abttc\x64\debug\abttc.tlog\link.write.1.tlog
